Arguments: 
  C:\Program Files\nodejs\node.exe C:\Program Files (x86)\Yarn\bin\yarn.js add @angular/material @angular/cdk

PATH: 
  C:\Program Files\Git\mingw64\bin;C:\Program Files\Git\usr\bin;C:\Users\minat\bin;C:\ProgramData\Oracle\Java\javapath;C:\Program Files (x86)\Intel\iCLS Client;C:\Program Files\Intel\iCLS Client;C:\Windows\system32;C:\Windows;C:\Windows\System32\Wbem;C:\Windows\System32\WindowsPowerShell\v1.0;C:\Program Files (x86)\Intel\Intel(R) Management Engine Components\DAL;C:\Program Files\Intel\Intel(R) Management Engine Components\DAL;C:\Program Files (x86)\Intel\Intel(R) Management Engine Components\IPT;C:\Program Files\Intel\Intel(R) Management Engine Components\IPT;C:\Program Files (x86)\NVIDIA Corporation\PhysX\Common;C:\WINDOWS\system32;C:\WINDOWS;C:\WINDOWS\System32\Wbem;C:\WINDOWS\System32\WindowsPowerShell\v1.0;C:\ProgramData\chocolatey\bin;C:\Program Files\Git\cmd;C:\Program Files\nodejs;C:\Program Files (x86)\Yarn\bin;C:\Program Files\dotnet;C:\Program Files\Microsoft SQL Server\130\Tools\Binn;C:\tizen-sdk\tools\ide\bin;C:\Users\minat\AppData\Local\Microsoft\WindowsApps;C:\Users\minat\AppData\Local\Android\Sdk;C:\Users\minat\AppData\Local\Android\Sdk\platform-tools;C:\Users\minat\AppData\Local\Android\Sdk\tools;C:\Users\minat\AppData\Roaming\npm;C:\Users\minat\AppData\Local\Yarn\bin;C:\Program Files\Microsoft VS Code\bin;C:\Program Files\Java\jdk1.8.0_151;C:\Program Files\Docker Toolbox;%USERPROFILE%\AppData\Local\Microsoft\WindowsApps

Yarn version: 
  1.3.2

Node version: 
  9.2.0

Platform: 
  win32 x64

npm manifest: 
  {
      "name": "uy.urupago.cobranzas-backend",
      "version": "0.0.0",
      "license": "MIT",
      "scripts": {
          "ng": "ng",
          "start": "ng serve --port 4300",
          "build": "ng build --prod",
          "test": "ng test",
          "lint": "ng lint",
          "e2e": "ng e2e"
      },
      "private": true,
      "dependencies": {
          "@angular/animations": "^5.0.0",
          "@angular/common": "^5.0.0",
          "@angular/compiler": "^5.0.0",
          "@angular/core": "^5.0.0",
          "@angular/forms": "^5.0.0",
          "@angular/http": "^5.0.0",
          "@angular/platform-browser": "^5.0.0",
          "@angular/platform-browser-dynamic": "^5.0.0",
          "@angular/router": "^5.0.0",
          "core-js": "^2.4.1",
          "rxjs": "^5.5.2",
          "zone.js": "^0.8.14"
      },
      "devDependencies": {
          "@angular/cli": "1.6.1",
          "@angular/compiler-cli": "^5.0.0",
          "@angular/language-service": "^5.0.0",
          "@types/jasmine": "~2.5.53",
          "@types/jasminewd2": "~2.0.2",
          "@types/node": "~6.0.60",
          "codelyzer": "^4.0.1",
          "jasmine-core": "~2.6.2",
          "jasmine-spec-reporter": "~4.1.0",
          "karma": "~1.7.0",
          "karma-chrome-launcher": "~2.1.1",
          "karma-cli": "~1.0.1",
          "karma-coverage-istanbul-reporter": "^1.2.1",
          "karma-jasmine": "~1.1.0",
          "karma-jasmine-html-reporter": "^0.2.2",
          "protractor": "~5.1.2",
          "ts-node": "~3.2.0",
          "tslint": "~5.7.0",
          "typescript": "~2.4.2"
      }
  }

yarn manifest: 
  No manifest

Lockfile: 
  No lockfile

Trace: 
  Error: EPERM: operation not permitted, unlink 'C:\Users\minat\work\urupagos\uy.urupago.cobranzas-backend\node_modules\node-sass\vendor\win32-x64-59\binding.node'
